<?xml version="1.0" encoding="UTF-8"?>
<!-- Generated by org.testng.reporters.JUnitReportReporter -->
<testsuite skipped="0" hostname="AVRATNAW-P3M63" name="com.ngc.demo1.Test2_PostRequest" tests="1" failures="0" timestamp="28 Nov 2018 09:29:10 GMT" time="8.147" errors="0">
  <testcase name="postRequestExample" time="8.147" classname="com.ngc.demo1.Test2_PostRequest"/>
</testsuite> <!-- com.ngc.demo1.Test2_PostRequest -->
