<?xml version="1.0" encoding="UTF-8"?>
<!-- Generated by org.testng.reporters.JUnitReportReporter -->
<testsuite skipped="0" hostname="AVRATNAW-9PYE8" name="com.ngc.demo1.B2BTestNG" tests="1" failures="0" timestamp="06 Mar 2019 10:31:19 GMT" time="448.417" errors="0">
  <testcase name="f" time="448.417" classname="com.ngc.demo1.B2BTestNG"/>
</testsuite> <!-- com.ngc.demo1.B2BTestNG -->
