<?xml version="1.0" encoding="UTF-8"?>
<!-- Generated by org.testng.reporters.JUnitReportReporter -->
<testsuite skipped="0" hostname="AVRATNAW-P3M63" name="com.ngc.demo1.GenerateAccessToken" tests="1" failures="0" timestamp="28 Nov 2018 08:49:05 GMT" time="2.590" errors="0">
  <testcase name="getAccessToken" time="2.590" classname="com.ngc.demo1.GenerateAccessToken"/>
</testsuite> <!-- com.ngc.demo1.GenerateAccessToken -->
