<?xml version="1.0" encoding="UTF-8"?>
<!-- Generated by org.testng.reporters.JUnitReportReporter -->
<testsuite skipped="0" hostname="AVRATNAW-P3M63" name="com.ngc.demo1.ConfigRecommRequest" tests="1" failures="0" timestamp="29 Nov 2018 05:59:35 GMT" time="7.315" errors="0">
  <testcase name="postRequestExample" time="7.315" classname="com.ngc.demo1.ConfigRecommRequest"/>
</testsuite> <!-- com.ngc.demo1.ConfigRecommRequest -->
