<?xml version="1.0" encoding="UTF-8"?>
<!-- Generated by org.testng.reporters.JUnitReportReporter -->
<testsuite skipped="0" hostname="AVRATNAW-9PYE8" name="com.ngc.demo1.ExcelUtility" tests="1" failures="0" timestamp="11 Jan 2019 13:26:28 GMT" time="121.648" errors="0">
  <testcase name="ReadExcel" time="121.648" classname="com.ngc.demo1.ExcelUtility"/>
</testsuite> <!-- com.ngc.demo1.ExcelUtility -->
