<?xml version="1.0" encoding="UTF-8"?>
<!-- Generated by org.testng.reporters.JUnitReportReporter -->
<testsuite skipped="0" hostname="AVRATNAW-9PYE8" name="com.ngc.demo1.E2EVTConnectivity" tests="1" failures="0" timestamp="13 Jan 2019 10:31:09 GMT" time="152.622" errors="0">
  <testcase name="E2EVTLogin" time="152.622" classname="com.ngc.demo1.E2EVTConnectivity"/>
</testsuite> <!-- com.ngc.demo1.E2EVTConnectivity -->
