<?xml version="1.0" encoding="UTF-8"?>
<!-- Generated by org.testng.reporters.JUnitReportReporter -->
<testsuite skipped="0" hostname="AVRATNAW-P3M63" name="com.ngc.demo1.Test1_GetRequest" tests="1" failures="0" timestamp="20 Nov 2018 12:02:22 GMT" time="4.745" errors="0">
  <testcase name="getWeatherReport" time="4.745" classname="com.ngc.demo1.Test1_GetRequest"/>
</testsuite> <!-- com.ngc.demo1.Test1_GetRequest -->
